#
# Packages
#
pkg   autoconf
pkg   gdebi-core
pkg   curl
pkg   gitk
pkg   vim-gtk
pkg   g++-multilib
pkg   htop
pkg   tree
pkg   python-pip
pkg   zsh
pkg   tmux
pkg   wget
pkg   openssl
pkg   libyaml-dev
pkg   subversion
pkg   ctags
pkg   cscope

#
# Binaries
#
cmd   wget -P ~/tmp http://www.scootersoftware.com/bcompare-3.3.13.18981_i386.deb && sudo gdebi -n ~/tmp/bcompare-3.3.13.18981_i386.deb
cmd   curl https://storage.googleapis.com/git-repo-downloads/repo > ~/.local/bin/repo && chmod a+x ~/.local/bin/repo

#
# PIP
#

pip   tmuxp
pip   jira

